<?xml version="1.0" encoding="utf-8"?><testsuites name="pytest tests"><testsuite name="pytest" errors="0" failures="0" skipped="0" tests="13" time="8.666" timestamp="2026-06-11T17:41:34.862489+00:00" hostname="agent-env-92dfaf7e-c112-4102-9542-167e0892c8fb"><testcase classname="backend.tests.backend_test" name="test_health" time="0.292" /><testcase classname="backend.tests.backend_test" name="test_ai_chat_basic" time="5.598" /><testcase classname="backend.tests.backend_test" name="test_ai_chat_with_history" time="1.326" /><testcase classname="backend.tests.backend_test" name="test_auth_me_unauth" time="0.050" /><testcase classname="backend.tests.backend_test" name="test_progress_unauth" time="0.051" /><testcase classname="backend.tests.backend_test" name="test_auth_session_missing_header" time="0.046" /><testcase classname="backend.tests.backend_test" name="test_auth_session_invalid_header" time="0.194" /><testcase classname="backend.tests.backend_test" name="test_auth_me_with_seeded_token" time="0.066" /><testcase classname="backend.tests.backend_test" name="test_progress_upsert_and_persist" time="0.149" /><testcase classname="backend.tests.backend_test" name="test_progress_portrait_save" time="0.097" /><testcase classname="backend.tests.backend_test" name="test_vocab_mastery_unauth" time="0.094" /><testcase classname="backend.tests.backend_test" name="test_vocab_mastery_invalid_status" time="0.047" /><testcase classname="backend.tests.backend_test" name="test_vocab_mastery_set_get_remove" time="0.405" /></testsuite></testsuites>