<?xml version="1.0" encoding="utf-8"?><testsuites name="pytest tests"><testsuite name="pytest" errors="0" failures="0" skipped="0" tests="10" time="4.000" timestamp="2026-06-11T16:38:45.437550+00:00" hostname="agent-env-92dfaf7e-c112-4102-9542-167e0892c8fb"><testcase classname="backend.tests.backend_test" name="test_health" time="0.268" /><testcase classname="backend.tests.backend_test" name="test_ai_chat_basic" time="1.565" /><testcase classname="backend.tests.backend_test" name="test_ai_chat_with_history" time="1.288" /><testcase classname="backend.tests.backend_test" name="test_auth_me_unauth" time="0.044" /><testcase classname="backend.tests.backend_test" name="test_progress_unauth" time="0.046" /><testcase classname="backend.tests.backend_test" name="test_auth_session_missing_header" time="0.043" /><testcase classname="backend.tests.backend_test" name="test_auth_session_invalid_header" time="0.163" /><testcase classname="backend.tests.backend_test" name="test_auth_me_with_seeded_token" time="0.102" /><testcase classname="backend.tests.backend_test" name="test_progress_upsert_and_persist" time="0.147" /><testcase classname="backend.tests.backend_test" name="test_progress_portrait_save" time="0.097" /></testsuite></testsuites>